<?xml version="1.0" encoding="UTF-8"?>
<!-- Generated by org.testng.reporters.JUnitReportReporter -->
<testsuite hostname="IN-B1BTTN3" failures="0" tests="1" name="RahulShettyAcademy.SeleniumFrameworkDesign.ErrorValidationTest" time="3.786" errors="0" timestamp="2023-07-01T11:03:05 IST" skipped="0">
  <testcase classname="RahulShettyAcademy.SeleniumFrameworkDesign.ErrorValidationTest" name="ErrorValidation" time="3.786"/>
  <system-out/>
</testsuite> <!-- RahulShettyAcademy.SeleniumFrameworkDesign.ErrorValidationTest -->
