<?xml version="1.0" encoding="UTF-8"?>
<!-- Generated by org.testng.reporters.JUnitReportReporter -->
<testsuite hostname="IN-B1BTTN3" failures="0" tests="2" name="RahulShettyAcademy.SeleniumFrameworkDesign.SubmitOrderTest" time="29.983" errors="0" timestamp="2023-07-01T11:03:05 IST" skipped="0">
  <testcase classname="RahulShettyAcademy.SeleniumFrameworkDesign.SubmitOrderTest" name="submitOrder" time="22.424"/>
  <system-out/>
  <testcase classname="RahulShettyAcademy.SeleniumFrameworkDesign.SubmitOrderTest" name="submitOrder" time="7.559"/>
  <system-out/>
</testsuite> <!-- RahulShettyAcademy.SeleniumFrameworkDesign.SubmitOrderTest -->
