<?xml version="1.0" encoding="UTF-8"?>
<!-- Generated by org.testng.reporters.JUnitReportReporter -->
<testsuite hostname="IN-B1BTTN3" failures="0" tests="3" name="RahulShettyAcademy.SeleniumFrameworkDesign.SubmitOrderTest" time="20.309" errors="0" timestamp="2023-06-20T16:30:18 IST" skipped="0">
  <testcase classname="RahulShettyAcademy.SeleniumFrameworkDesign.SubmitOrderTest" name="orderHistroyTest" time="5.629"/>
  <testcase classname="RahulShettyAcademy.SeleniumFrameworkDesign.SubmitOrderTest" name="submitOrder" time="7.140"/>
  <testcase classname="RahulShettyAcademy.SeleniumFrameworkDesign.SubmitOrderTest" name="submitOrder" time="7.540"/>
</testsuite> <!-- RahulShettyAcademy.SeleniumFrameworkDesign.SubmitOrderTest -->
