<?xml version="1.0" encoding="UTF-8"?>
<!-- Generated by org.testng.reporters.JUnitReportReporter -->
<testsuite hostname="IN-B1BTTN3" failures="0" tests="2" name="RahulShettyAcademy.SeleniumFrameworkDesign.ErrorValidationTest" time="11.477" errors="0" timestamp="2023-06-20T16:30:18 IST" skipped="0">
  <testcase classname="RahulShettyAcademy.SeleniumFrameworkDesign.ErrorValidationTest" name="ErrorValidationorderitem" time="6.782"/>
  <testcase classname="RahulShettyAcademy.SeleniumFrameworkDesign.ErrorValidationTest" name="ErrorValidation" time="4.695"/>
</testsuite> <!-- RahulShettyAcademy.SeleniumFrameworkDesign.ErrorValidationTest -->
